<?xml version="1.0" encoding="UTF-8"?>
<!-- Generated by org.testng.reporters.JUnitReportReporter -->
<testsuite hostname="Yutaka" name="com.sqa.ao.assertTests.SearchWithExplicitWaitTest" tests="1" failures="0" timestamp="7 Nov 2015 23:45:56 GMT" time="38.301" errors="0">
  <testcase name="seafoodSearch" time="38.301" classname="com.sqa.ao.assertTests.SearchWithExplicitWaitTest"/>
</testsuite> <!-- com.sqa.ao.assertTests.SearchWithExplicitWaitTest -->
