<?xml version="1.0" encoding="UTF-8"?>
<!-- Generated by org.testng.reporters.JUnitReportReporter -->
<testsuite hostname="Yutaka" name="com.sqa.ao.assertTests.PowerWithDataProvidertest" tests="2" failures="0" timestamp="31 Oct 2015 22:27:31 GMT" time="0.007" errors="0">
  <testcase name="calcPower" time="0.006" classname="com.sqa.ao.assertTests.PowerWithDataProvidertest"/>
  <testcase name="calcPower" time="0.001" classname="com.sqa.ao.assertTests.PowerWithDataProvidertest"/>
</testsuite> <!-- com.sqa.ao.assertTests.PowerWithDataProvidertest -->
