<?xml version="1.0" encoding="UTF-8"?>
<!-- Generated by org.testng.reporters.JUnitReportReporter -->
<testsuite hostname="Yutaka" name="com.sqa.ao.assertTests.YelpSeafoodFindChrome" tests="1" failures="0" timestamp="7 Nov 2015 20:17:57 GMT" time="28.681" errors="0">
  <testcase name="seafoodSearch" time="28.681" classname="com.sqa.ao.assertTests.YelpSeafoodFindChrome"/>
</testsuite> <!-- com.sqa.ao.assertTests.YelpSeafoodFindChrome -->
