<?xml version="1.0" encoding="UTF-8"?>
<!-- Generated by org.testng.reporters.JUnitReportReporter -->
<testsuite hostname="Yutaka" name="com.sqa.ao.assertTests.YelpSeafoodFindFirefox" tests="1" failures="0" timestamp="7 Nov 2015 22:15:52 GMT" time="43.562" errors="0">
  <testcase name="seafoodSearch" time="43.562" classname="com.sqa.ao.assertTests.YelpSeafoodFindFirefox"/>
</testsuite> <!-- com.sqa.ao.assertTests.YelpSeafoodFindFirefox -->
