<?xml version="1.0" encoding="UTF-8"?>
<!-- Generated by org.testng.reporters.JUnitReportReporter -->
<testsuite hostname="Yutaka" name="com.sqa.ao.testNGTests.ToAnotherWindowTest" tests="1" failures="0" timestamp="10 Nov 2015 01:19:47 GMT" time="55.039" errors="0">
  <testcase name="resetPass" time="55.039" classname="com.sqa.ao.testNGTests.ToAnotherWindowTest"/>
</testsuite> <!-- com.sqa.ao.testNGTests.ToAnotherWindowTest -->
