<?xml version="1.0" encoding="UTF-8"?>
<!-- Generated by org.testng.reporters.JUnitReportReporter -->
<testsuite hostname="Yutaka" name="com.sqa.ao.assertTests.Power" tests="3" failures="0" timestamp="31 Oct 2015 21:16:25 GMT" time="0.013" errors="0">
  <testcase name="calcPower" time="0.001" classname="com.sqa.ao.assertTests.Power"/>
  <testcase name="calcPower" time="0.011" classname="com.sqa.ao.assertTests.Power"/>
  <testcase name="calcPower" time="0.001" classname="com.sqa.ao.assertTests.Power"/>
</testsuite> <!-- com.sqa.ao.assertTests.Power -->
