<?xml version="1.0" encoding="UTF-8"?>
<!-- Generated by org.testng.reporters.JUnitReportReporter -->
<testsuite hostname="Yutaka" name="com.sqa.ao.assertTests.ToAnotherWindowTest" tests="1" failures="0" timestamp="8 Nov 2015 19:15:21 GMT" time="48.801" errors="0">
  <testcase name="resetPass" time="48.801" classname="com.sqa.ao.assertTests.ToAnotherWindowTest"/>
</testsuite> <!-- com.sqa.ao.assertTests.ToAnotherWindowTest -->
