<?xml version="1.0" encoding="UTF-8"?>
<!-- Generated by org.testng.reporters.JUnitReportReporter -->
<testsuite hostname="Yutaka" name="com.sqa.ao.testNGTests.ResetPasswordTest_Latest" tests="1" failures="0" timestamp="10 Nov 2015 04:02:38 GMT" time="25.718" errors="0">
  <testcase name="resetPass" time="25.718" classname="com.sqa.ao.testNGTests.ResetPasswordTest_Latest"/>
</testsuite> <!-- com.sqa.ao.testNGTests.ResetPasswordTest_Latest -->
