<?xml version="1.0" encoding="UTF-8"?>
<!-- Generated by org.testng.reporters.JUnitReportReporter -->
<testsuite hostname="Yutaka" name="com.sqa.ao.assertTests.TestGroups" tests="2" failures="0" timestamp="31 Oct 2015 22:53:47 GMT" time="0.001" errors="0">
  <testcase name="testAssertEqual2" time="0.000" classname="com.sqa.ao.assertTests.TestGroups"/>
  <testcase name="testAssertEqual1" time="0.001" classname="com.sqa.ao.assertTests.TestGroups"/>
</testsuite> <!-- com.sqa.ao.assertTests.TestGroups -->
