<?xml version="1.0" encoding="UTF-8"?>
<!-- Generated by org.testng.reporters.JUnitReportReporter -->
<testsuite hostname="Yutaka" name="com.sqa.ao.assertTests.TestNG_2" tests="1" failures="0" timestamp="31 Oct 2015 22:53:47 GMT" time="0.135" errors="0">
  <testcase name="runTestNGTest" time="0.135" classname="com.sqa.ao.assertTests.TestNG_2"/>
</testsuite> <!-- com.sqa.ao.assertTests.TestNG_2 -->
