<?xml version="1.0" encoding="UTF-8"?>
<!-- Generated by org.testng.reporters.JUnitReportReporter -->
<testsuite hostname="Yutaka" name="com.sqa.ao.assertTests.YelpSeafoodFind" tests="1" failures="0" timestamp="7 Nov 2015 20:28:17 GMT" time="41.190" errors="0">
  <testcase name="seafoodSearch" time="41.190" classname="com.sqa.ao.assertTests.YelpSeafoodFind"/>
</testsuite> <!-- com.sqa.ao.assertTests.YelpSeafoodFind -->
