<?xml version="1.0" encoding="UTF-8"?>
<!-- Generated by org.testng.reporters.JUnitReportReporter -->
<testsuite hostname="Yutaka" name="com.sqa.ao.testNGTests.ResetPwdDataProviderTest" tests="2" failures="0" timestamp="10 Nov 2015 04:33:07 GMT" time="97.060" errors="0">
  <testcase name="resetPass" time="63.158" classname="com.sqa.ao.testNGTests.ResetPwdDataProviderTest"/>
  <testcase name="resetPass" time="33.902" classname="com.sqa.ao.testNGTests.ResetPwdDataProviderTest"/>
</testsuite> <!-- com.sqa.ao.testNGTests.ResetPwdDataProviderTest -->
